{
  "stats": {
    "suites": 1,
    "tests": 2,
    "passes": 2,
    "pending": 0,
    "failures": 0,
    "start": "2025-03-19T05:49:56.996Z",
    "end": "2025-03-19T05:50:01.940Z",
    "duration": 4944,
    "testsRegistered": 2,
    "passPercent": 100,
    "pendingPercent": 0,
    "other": 0,
    "hasOther": false,
    "skipped": 0,
    "hasSkipped": false
  },
  "results": [
    {
      "uuid": "4da7bd8e-26d1-43f1-826c-83fce2c555e8",
      "title": "",
      "fullFile": "cypress\\e2e\\authentication.cy.js",
      "file": "cypress\\e2e\\authentication.cy.js",
      "beforeHooks": [],
      "afterHooks": [],
      "tests": [],
      "suites": [
        {
          "uuid": "7b0ac70d-015d-4bc0-9564-4723c951329f",
          "title": "4.1 User Authentication",
          "fullFile": "",
          "file": "",
          "beforeHooks": [],
          "afterHooks": [],
          "tests": [
            {
              "title": "4.1.1 should register a new user with valid credentials",
              "fullTitle": "4.1 User Authentication 4.1.1 should register a new user with valid credentials",
              "timedOut": null,
              "duration": 3365,
              "state": "passed",
              "speed": "fast",
              "pass": true,
              "fail": false,
              "pending": false,
              "context": null,
              "code": "// Generate a unique username to avoid conflicts\nconst uniqueUsername = `testuser_${Date.now()}`;\nconst password = 'Password123';\n// Navigate directly to the registration page\ncy.visit('/register');\ncy.log('Visiting register page');\n// Fill in the registration form using selectors from fixture\ncy.get(selectors.auth.registerPage.usernameInput).type(uniqueUsername);\ncy.get(selectors.auth.registerPage.passwordInput).type(password);\ncy.log('Filled in registration form');\n// Submit the form\ncy.get(selectors.auth.registerPage.submitButton).click();\ncy.log('Submitted registration form');\n// Verify successful registration by checking we're redirected to login page\ncy.url().should('include', '/login');\ncy.log('Redirected to login page after registration');\n// Verify login works with the new credentials\ncy.get(selectors.auth.loginPage.usernameInput).clear().type(uniqueUsername, {\n  force: true\n});\ncy.get(selectors.auth.loginPage.passwordInput).clear().type(password, {\n  force: true\n});\ncy.log('Filled in login form');\n// Take a screenshot before clicking login\ncy.screenshot('before-login-click');\ncy.get(selectors.auth.loginPage.submitButton).click();\ncy.log('Submitted login form');\n// Take a screenshot after clicking login\ncy.screenshot('after-login-click');\n// Add a longer timeout and log the URL for debugging\ncy.url().then(url => {\n  cy.log(`Current URL: ${url}`);\n});\n// Verify successful login by checking we're redirected to dashboard\ncy.url().should('include', '/dashboard', {\n  timeout: 20000\n});\n// Skip the username check for now to focus on the redirection issue\n// cy.contains(uniqueUsername).should('be.visible');",
              "err": {},
              "uuid": "4e5d7c3f-49d3-40a6-af74-5ab1eaf4d109",
              "parentUUID": "7b0ac70d-015d-4bc0-9564-4723c951329f",
              "isHook": false,
              "skipped": false
            },
            {
              "title": "4.2 should handle failed login attempt with incorrect password",
              "fullTitle": "4.1 User Authentication 4.2 should handle failed login attempt with incorrect password",
              "timedOut": null,
              "duration": 1540,
              "state": "passed",
              "speed": "fast",
              "pass": true,
              "fail": false,
              "pending": false,
              "context": null,
              "code": "// Set up test data\nconst username = `existinguser_${Date.now()}`;\nconst correctPassword = 'correctPassword123';\nconst incorrectPassword = 'wrongPassword123';\nconst email = `${username}@example.com`;\n// First, ensure the user exists by registering them\n// This step ensures we have a user to test against\ncy.request({\n  method: 'POST',\n  url: 'http://localhost:5000/api/auth/register',\n  body: {\n    username,\n    password: correctPassword\n  },\n  failOnStatusCode: false // Don't fail if user already exists\n});\n// Navigate directly to login page\ncy.visit('/login');\n// Attempt login with incorrect password using selectors from fixture\ncy.get(selectors.auth.loginPage.usernameInput).type(username);\ncy.get(selectors.auth.loginPage.passwordInput).type(incorrectPassword);\ncy.get(selectors.auth.loginPage.submitButton).click();\n// Take a screenshot for debugging\ncy.screenshot('failed-login-error');\n// Verify error message is displayed with the exact text\ncy.get(selectors.auth.loginPage.errorMessage).should('be.visible').should('contain', 'Invalid username or password');\n// Verify we remain on the login page\ncy.url().should('include', '/login');",
              "err": {},
              "uuid": "0a14e7ec-e27a-4efb-92e4-a066595eb792",
              "parentUUID": "7b0ac70d-015d-4bc0-9564-4723c951329f",
              "isHook": false,
              "skipped": false
            }
          ],
          "suites": [],
          "passes": [
            "4e5d7c3f-49d3-40a6-af74-5ab1eaf4d109",
            "0a14e7ec-e27a-4efb-92e4-a066595eb792"
          ],
          "failures": [],
          "pending": [],
          "skipped": [],
          "duration": 4905,
          "root": false,
          "rootEmpty": false,
          "_timeout": 2000
        }
      ],
      "passes": [],
      "failures": [],
      "pending": [],
      "skipped": [],
      "duration": 0,
      "root": true,
      "rootEmpty": true,
      "_timeout": 2000
    }
  ],
  "meta": {
    "mocha": {
      "version": "7.0.1"
    },
    "mochawesome": {
      "options": {
        "quiet": false,
        "reportFilename": "mochawesome",
        "saveHtml": true,
        "saveJson": true,
        "consoleReporter": "spec",
        "useInlineDiffs": false,
        "code": true
      },
      "version": "7.1.3"
    },
    "marge": {
      "options": {
        "reportDir": "cypress/reports",
        "overwrite": false,
        "html": true,
        "json": true,
        "charts": true
      },
      "version": "6.2.0"
    }
  }
}